<html>
<body>
<pre>
<h1>µVision Build Log</h1>
<h2>Tool Versions:</h2>
IDE-Version: µVision V5.24.2.0
Copyright (C) 2017 ARM Ltd and ARM Germany GmbH. All rights reserved.
License Information: UW Madison CAE Flex license: MDK-ARM Professional: 300 user(s) (mdk_pro) Operation stops: 26 Jul 2018
 
Tool Versions:
Toolchain:       MDK-ARM Professional: 300 user(s)  Version: 5.24.1
Toolchain Path:  C:\Keil_v5\ARM\ARMCC\Bin
C Compiler:      Armcc.exe V5.06 update 5 (build 528)
Assembler:       Armasm.exe V5.06 update 5 (build 528)
Linker/Locator:  ArmLink.exe V5.06 update 5 (build 528)
Library Manager: ArmAr.exe V5.06 update 5 (build 528)
Hex Converter:   FromElf.exe V5.06 update 5 (build 528)
CPU DLL:         SARMCM3.DLL V5.24.1
Dialog DLL:      DCM.DLL V1.16.0.0
Target DLL:      lmidk-agdi.dll V???
Dialog DLL:      TCM.DLL V1.32.0.0
 
<h2>Project:</h2>
I:\ECE353\353Project\BoS.uvprojx
Project File Date:  04/23/2018

<h2>Output:</h2>
*** Using Compiler 'V5.06 update 5 (build 528)', folder: 'C:\Keil_v5\ARM\ARMCC\Bin'
Rebuild target 'HW2'
compiling images.c...
images.c(1): error:  #169: expected a declaration
  <<<<<<< HEAD
images.h(35): warning:  #1-D: last line of file ends without a newline
  #endif
images.c(6): error:  #169: expected a declaration
  =======
images.c(38): warning:  #12-D: parsing restarts here after previous syntax error
  };
images.c(41): error:  #169: expected a declaration
  <<<<<<< HEAD
images.c(95): warning:  #12-D: parsing restarts here after previous syntax error
  };
images.c: 3 warnings, 3 errors
compiling main.c...
images.h(35): warning:  #1-D: last line of file ends without a newline
  #endif
main.c(37): error:  #20: identifier "hero_t" is undefined
  hero_t hero;
main.c(42): error:  #20: identifier "enemy_t" is undefined
  enemy_t *enemy_head = NULL;
main.c(43): error:  #20: identifier "actor_t" is undefined
  actor_t *actor = NULL;
main.c(72): warning:  #223-D: function "ps2_initialize_SS2" declared implicitly
  	ps2_initialize_SS2();
main.c(128): warning:  #223-D: function "get_ps2_value" declared implicitly
  			get_ps2_value(ADC0_BASE);
main.c(45): warning:  #550-D: variable "ps2_x"  was set but never used
  static uint16_t ps2_x, ps2_y;
main.c(45): warning:  #550-D: variable "ps2_y"  was set but never used
  static uint16_t ps2_x, ps2_y;
main.c: 5 warnings, 3 errors
compiling adc.c...
compiling gpio_port.c...
..\drivers\c\gpio_port.c(82): warning:  #188-D: enumerated type mixed with another type
         return 0;
..\drivers\c\gpio_port.c(432): warning:  #177-D: variable "gpioPort"  was declared but never referenced
    GPIOA_Type  *gpioPort;
..\drivers\c\gpio_port.c: 2 warnings, 0 errors
compiling timers.c...
..\drivers\c\timers.c(246): warning:  #940-D: missing return statement at end of non-void function "gp_timer_start_16" 
  }
..\drivers\c\timers.c: 1 warning, 0 errors
compiling launchpad_io.c...
assembling startup_TM4C123.s...
compiling lcd.c...
compiling ps2.c...
compiling system_TM4C123.c...
".\obj\ece353_base_project.axf" - 6 Error(s), 11 Warning(s).

<h2>Software Packages used:</h2>

Package Vendor: ARM
                http://www.keil.com/pack/ARM.CMSIS.5.0.1.pack
                ARM.CMSIS.5.0.1
                CMSIS (Cortex Microcontroller Software Interface Standard)
   * Component: CORE Version: 5.0.1

Package Vendor: Keil
                http://www.keil.com/pack/Keil.TM4C_DFP.1.1.0.pack
                Keil.TM4C_DFP.1.1.0
                Texas Instruments Tiva C Series Device Support and Examples
   * Component: Startup Version: 1.0.1

<h2>Collection of Component include folders:</h2>
  .\RTE\_HW2
  C:\Keil_v5\ARM\PACK\ARM\CMSIS\5.0.1\CMSIS\Include
  C:\Keil_v5\ARM\PACK\Keil\TM4C_DFP\1.1.0\Device\Include\TM4C123

<h2>Collection of Component Files used:</h2>

   * Component: Keil::Device:Startup:1.0.1
      Source file:   Device\Source\ARM\startup_TM4C123.s
      Include file:  Device\Include\TM4C123\TM4C123.h
      Source file:   Device\Source\system_TM4C123.c

   * Component: ARM::CMSIS:CORE:5.0.1
Target not created.
Build Time Elapsed:  00:00:11
</pre>
</body>
</html>
